<?xml version="1.0" encoding="UTF-8"?>
<!-- Generated by org.testng.reporters.JUnitReportReporter -->
<testsuite hostname="DESKTOP-33S5R95" failures="0" tests="5" name="org.Tests.TabsTest" time="1.428" errors="0" timestamp="2023-12-01T17:32:46 COT" skipped="0">
  <testcase classname="org.Tests.TabsTest" name="tabMoreIsDisabled" time="0.089"/>
  <testcase classname="org.Tests.TabsTest" name="tabOriginParagraphIsDisplayed" time="0.237"/>
  <testcase classname="org.Tests.TabsTest" name="subtitleIsShowed" time="0.456"/>
  <testcase classname="org.Tests.TabsTest" name="tabUseParagraphIsDisplayed" time="0.438"/>
  <testcase classname="org.Tests.TabsTest" name="tabWhatParagraphIsDisplayed" time="0.208"/>
</testsuite> <!-- org.Tests.TabsTest -->
