<?xml version="1.0" encoding="UTF-8"?>
<!-- Generated by org.testng.reporters.JUnitReportReporter -->
<testsuite hostname="DESKTOP-33S5R95" failures="0" tests="3" name="org.Tests.DynamicPropertiesTest" time="5.511" errors="0" timestamp="2023-12-01T17:32:47 COT" skipped="0">
  <testcase classname="org.Tests.DynamicPropertiesTest" name="validateThirdButtonIsVisible" time="0.084"/>
  <testcase classname="org.Tests.DynamicPropertiesTest" name="validateSecondButtonTextColorChange" time="0.043"/>
  <testcase classname="org.Tests.DynamicPropertiesTest" name="validateFirstButtonIsEnable" time="5.384"/>
</testsuite> <!-- org.Tests.DynamicPropertiesTest -->
