<?xml version="1.0" encoding="UTF-8"?>
<!-- Generated by org.testng.reporters.JUnitReportReporter -->
<testsuite hostname="DESKTOP-33S5R95" failures="0" tests="2" name="org.Tests.ModalDialogsTest" time="1.022" errors="0" timestamp="2023-12-01T17:32:47 COT" skipped="0">
  <testcase classname="org.Tests.ModalDialogsTest" name="validateLargeModalShowed" time="0.472"/>
  <testcase classname="org.Tests.ModalDialogsTest" name="validateSmallModalShowed" time="0.550"/>
</testsuite> <!-- org.Tests.ModalDialogsTest -->
