<?xml version="1.0" encoding="UTF-8"?>
<!-- Generated by org.testng.reporters.JUnitReportReporter -->
<testsuite hostname="DESKTOP-33S5R95" failures="0" tests="2" name="org.Tests.ProgressBarTest" time="21.183" errors="0" timestamp="2023-12-01T17:32:47 COT" skipped="0">
  <testcase classname="org.Tests.ProgressBarTest" name="validateReturnToBasePage" time="10.484"/>
  <testcase classname="org.Tests.ProgressBarTest" name="validateProgressBar" time="10.699"/>
</testsuite> <!-- org.Tests.ProgressBarTest -->
