<?xml version="1.0" encoding="UTF-8"?>
<!-- Generated by org.testng.reporters.JUnitReportReporter -->
<testsuite hostname="DESKTOP-33S5R95" failures="0" tests="2" name="org.Tests.TextBoxPageText" time="3.776" errors="0" timestamp="2023-12-01T17:32:46 COT" skipped="0">
  <testcase classname="org.Tests.TextBoxPageText" name="validateAnswer" time="0.453"/>
  <testcase classname="org.Tests.TextBoxPageText" name="typingFieldsForm" time="3.323"/>
</testsuite> <!-- org.Tests.TextBoxPageText -->
