<?xml version="1.0" encoding="UTF-8"?>
<!-- Generated by org.testng.reporters.JUnitReportReporter -->
<testsuite hostname="DESKTOP-33S5R95" failures="0" tests="9" name="org.Tests.LinksPageTest" time="9.991" errors="0" timestamp="2023-12-01T17:32:47 COT" skipped="0">
  <testcase classname="org.Tests.LinksPageTest" name="validateForbiddenLink" time="1.393"/>
  <testcase classname="org.Tests.LinksPageTest" name="validateBadRequestLink" time="1.403"/>
  <testcase classname="org.Tests.LinksPageTest" name="validateNotFoundLink" time="1.305"/>
  <testcase classname="org.Tests.LinksPageTest" name="validateHomeETgEzLink" time="0.051"/>
  <testcase classname="org.Tests.LinksPageTest" name="validateHomeLink" time="0.059"/>
  <testcase classname="org.Tests.LinksPageTest" name="validateUnauthorizedLink" time="1.304"/>
  <testcase classname="org.Tests.LinksPageTest" name="validateMovedLink" time="1.275"/>
  <testcase classname="org.Tests.LinksPageTest" name="validateNoContentLink" time="1.301"/>
  <testcase classname="org.Tests.LinksPageTest" name="validateCreatedLink" time="1.900"/>
</testsuite> <!-- org.Tests.LinksPageTest -->
