<?xml version="1.0" encoding="UTF-8"?>
<!-- Generated by org.testng.reporters.JUnitReportReporter -->
<testsuite hostname="DESKTOP-33S5R95" failures="0" tests="2" name="org.Tests.SliderTest" time="0.843" errors="0" timestamp="2023-12-01T17:32:47 COT" skipped="0">
  <testcase classname="org.Tests.SliderTest" name="ValidateRangeInputToMinValue" time="0.182"/>
  <testcase classname="org.Tests.SliderTest" name="ValidateRangeInputToMaxValue" time="0.661"/>
</testsuite> <!-- org.Tests.SliderTest -->
