<?xml version="1.0" encoding="UTF-8"?>
<!-- Generated by org.testng.reporters.JUnitReportReporter -->
<testsuite hostname="DESKTOP-33S5R95" failures="0" tests="2" name="org.Tests.ElementsPageTest" time="0.485" errors="0" timestamp="2023-12-01T17:32:47 COT" skipped="0">
  <testcase classname="org.Tests.ElementsPageTest" name="validateURL" time="0.410"/>
  <testcase classname="org.Tests.ElementsPageTest" name="validateSizeElements" time="0.075"/>
</testsuite> <!-- org.Tests.ElementsPageTest -->
