<?xml version="1.0" encoding="UTF-8"?>
<!-- Generated by org.testng.reporters.JUnitReportReporter -->
<testsuite hostname="DESKTOP-33S5R95" failures="0" tests="2" name="org.Tests.DatePickerTest" time="11.465" errors="0" timestamp="2023-12-01T17:32:46 COT" skipped="0">
  <testcase classname="org.Tests.DatePickerTest" name="validateDateTimeSelected" time="4.468"/>
  <testcase classname="org.Tests.DatePickerTest" name="validateDateSelected" time="6.997"/>
</testsuite> <!-- org.Tests.DatePickerTest -->
