<?xml version="1.0" encoding="UTF-8"?>
<!-- Generated by org.testng.reporters.JUnitReportReporter -->
<testsuite hostname="DESKTOP-33S5R95" failures="0" tests="2" name="org.Tests.WidgetsPageTest" time="0.271" errors="0" timestamp="2023-12-01T17:32:47 COT" skipped="0">
  <testcase classname="org.Tests.WidgetsPageTest" name="validateSectionsSize" time="0.059"/>
  <testcase classname="org.Tests.WidgetsPageTest" name="validateURL" time="0.212"/>
</testsuite> <!-- org.Tests.WidgetsPageTest -->
