<?xml version="1.0" encoding="UTF-8"?>
<!-- Generated by org.testng.reporters.JUnitReportReporter -->
<testsuite hostname="DESKTOP-33S5R95" failures="0" tests="3" name="org.Tests.AccordianTest" time="2.178" errors="0" timestamp="2023-12-01T17:32:46 COT" skipped="0">
  <testcase classname="org.Tests.AccordianTest" name="validateThirdContentCardIsShown" time="0.383"/>
  <testcase classname="org.Tests.AccordianTest" name="validateFirstContentCardIsShown" time="0.241"/>
  <testcase classname="org.Tests.AccordianTest" name="validateSecondContentCardIsShown" time="1.554"/>
</testsuite> <!-- org.Tests.AccordianTest -->
