<?xml version="1.0" encoding="UTF-8"?>
<!-- Generated by org.testng.reporters.JUnitReportReporter -->
<testsuite hostname="DESKTOP-33S5R95" failures="0" tests="2" name="org.Tests.InteractionsPageTest" time="0.060" errors="0" timestamp="2023-12-01T17:32:47 COT" skipped="0">
  <testcase classname="org.Tests.InteractionsPageTest" name="validateURL" time="0.021"/>
  <testcase classname="org.Tests.InteractionsPageTest" name="validateSectionsSize" time="0.039"/>
</testsuite> <!-- org.Tests.InteractionsPageTest -->
