<?xml version="1.0" encoding="UTF-8"?>
<!-- Generated by org.testng.reporters.JUnitReportReporter -->
<testsuite hostname="DESKTOP-33S5R95" failures="0" tests="2" name="org.Tests.AlertsFrameWindowsPageTest" time="0.174" errors="0" timestamp="2023-12-01T17:32:46 COT" skipped="0">
  <testcase classname="org.Tests.AlertsFrameWindowsPageTest" name="validateSectionsSize" time="0.158"/>
  <testcase classname="org.Tests.AlertsFrameWindowsPageTest" name="validateURL" time="0.016"/>
</testsuite> <!-- org.Tests.AlertsFrameWindowsPageTest -->
