<?xml version="1.0" encoding="UTF-8"?>
<!-- Generated by org.testng.reporters.JUnitReportReporter -->
<testsuite hostname="DESKTOP-33S5R95" failures="0" tests="13" name="org.Tests.SelectableTest" time="3.741" errors="0" timestamp="2023-12-01T17:32:46 COT" skipped="0">
  <testcase classname="org.Tests.SelectableTest" name="validateFourGridElementIsSelectable" time="0.194"/>
  <testcase classname="org.Tests.SelectableTest" name="validateEightGridElementIsSelectable" time="0.327"/>
  <testcase classname="org.Tests.SelectableTest" name="validateFiveGridElementIsSelectable" time="0.288"/>
  <testcase classname="org.Tests.SelectableTest" name="validateSevenGridElementIsSelectable" time="0.245"/>
  <testcase classname="org.Tests.SelectableTest" name="validateCrasJustoOdioListElementIsSelectable" time="0.774"/>
  <testcase classname="org.Tests.SelectableTest" name="validateMorbiLeoRisusListElementIsSelectable" time="0.237"/>
  <testcase classname="org.Tests.SelectableTest" name="validateNineGridElementIsSelectable" time="0.217"/>
  <testcase classname="org.Tests.SelectableTest" name="validateOneGridElementIsSelectable" time="0.207"/>
  <testcase classname="org.Tests.SelectableTest" name="validateSixGridElementIsSelectable" time="0.187"/>
  <testcase classname="org.Tests.SelectableTest" name="validateThreeGridElementIsSelectable" time="0.179"/>
  <testcase classname="org.Tests.SelectableTest" name="validateTwoGridElementIsSelectable" time="0.187"/>
  <testcase classname="org.Tests.SelectableTest" name="validatePortaAcConsecteturAcListElementIsSelectable" time="0.232"/>
  <testcase classname="org.Tests.SelectableTest" name="validateDapibusAcFacilisisInListElementIsSelectable" time="0.467"/>
</testsuite> <!-- org.Tests.SelectableTest -->
