<?xml version="1.0" encoding="UTF-8"?>
<!-- Generated by org.testng.reporters.JUnitReportReporter -->
<testsuite hostname="DESKTOP-33S5R95" failures="0" tests="4" name="org.Tests.BrokenLinksTest" time="2.312" errors="0" timestamp="2023-12-01T17:32:47 COT" skipped="0">
  <testcase classname="org.Tests.BrokenLinksTest" name="validateLink" time="0.518"/>
  <testcase classname="org.Tests.BrokenLinksTest" name="validateBrokeImage" time="1.119"/>
  <testcase classname="org.Tests.BrokenLinksTest" name="validateBrokenLink" time="0.442"/>
  <testcase classname="org.Tests.BrokenLinksTest" name="validateImage" time="0.233"/>
</testsuite> <!-- org.Tests.BrokenLinksTest -->
