<?xml version="1.0" encoding="UTF-8"?>
<!-- Generated by org.testng.reporters.JUnitReportReporter -->
<testsuite hostname="DESKTOP-33S5R95" failures="0" tests="3" name="org.Tests.ButtonsPageTest" time="2.356" errors="0" timestamp="2023-12-01T17:32:46 COT" skipped="0">
  <testcase classname="org.Tests.ButtonsPageTest" name="validateClickInABtn" time="0.361"/>
  <testcase classname="org.Tests.ButtonsPageTest" name="validateDoubleClickInABtn" time="1.610"/>
  <testcase classname="org.Tests.ButtonsPageTest" name="validateRightClickInABtn" time="0.385"/>
</testsuite> <!-- org.Tests.ButtonsPageTest -->
