<?xml version="1.0" encoding="UTF-8"?>
<!-- Generated by org.testng.reporters.JUnitReportReporter -->
<testsuite hostname="DESKTOP-33S5R95" failures="0" tests="3" name="org.Tests.RadioButtonPageTest" time="1.597" errors="0" timestamp="2023-12-01T17:32:46 COT" skipped="0">
  <testcase classname="org.Tests.RadioButtonPageTest" name="validateImpressiveRadioButton" time="0.426"/>
  <testcase classname="org.Tests.RadioButtonPageTest" name="validateDisabledRadioButton" time="0.872"/>
  <testcase classname="org.Tests.RadioButtonPageTest" name="validateYesRadioButton" time="0.299"/>
</testsuite> <!-- org.Tests.RadioButtonPageTest -->
