<?xml version="1.0" encoding="UTF-8"?>
<!-- Generated by org.testng.reporters.JUnitReportReporter -->
<testsuite hostname="DESKTOP-33S5R95" failures="0" tests="2" name="org.Tests.NestedFramesTest" time="1.386" errors="0" timestamp="2023-12-01T17:32:46 COT" skipped="0">
  <testcase classname="org.Tests.NestedFramesTest" name="validateSwitchToParentFrame" time="1.075"/>
  <testcase classname="org.Tests.NestedFramesTest" name="validateSwitchToChildFrame" time="0.311"/>
</testsuite> <!-- org.Tests.NestedFramesTest -->
