<?xml version="1.0" encoding="UTF-8"?>
<!-- Generated by org.testng.reporters.JUnitReportReporter -->
<testsuite hostname="DESKTOP-33S5R95" failures="0" tests="2" name="org.Tests.AutoCompleteTest" time="2.601" errors="0" timestamp="2023-12-01T17:32:47 COT" skipped="0">
  <testcase classname="org.Tests.AutoCompleteTest" name="validateColorNamesInMultipleContainer" time="0.512"/>
  <testcase classname="org.Tests.AutoCompleteTest" name="validateColorNameInSingleContainer" time="2.089"/>
</testsuite> <!-- org.Tests.AutoCompleteTest -->
