<?xml version="1.0" encoding="UTF-8"?>
<!-- Generated by org.testng.reporters.JUnitReportReporter -->
<testsuite hostname="DESKTOP-33S5R95" failures="0" tests="1" name="org.Tests.UploadDownloadTest" time="1.188" errors="0" timestamp="2023-12-01T17:32:47 COT" skipped="0">
  <testcase classname="org.Tests.UploadDownloadTest" name="validateArchiveDownloaded" time="1.188"/>
</testsuite> <!-- org.Tests.UploadDownloadTest -->
