<?xml version="1.0" encoding="UTF-8"?>
<!-- Generated by org.testng.reporters.JUnitReportReporter -->
<testsuite hostname="DESKTOP-33S5R95" failures="0" tests="2" name="org.Tests.BookStorePageTest" time="0.051" errors="0" timestamp="2023-12-01T17:32:46 COT" skipped="0">
  <testcase classname="org.Tests.BookStorePageTest" name="validateSectionsSize" time="0.034"/>
  <testcase classname="org.Tests.BookStorePageTest" name="validateURL" time="0.017"/>
</testsuite> <!-- org.Tests.BookStorePageTest -->
