<?xml version="1.0" encoding="UTF-8"?>
<!-- Generated by org.testng.reporters.JUnitReportReporter -->
<testsuite hostname="DESKTOP-33S5R95" failures="0" tests="3" name="org.Tests.CheckBoxPageTest" time="3.829" errors="0" timestamp="2023-12-01T17:32:47 COT" skipped="0">
  <testcase classname="org.Tests.CheckBoxPageTest" name="validateDownloadsIsClicked" time="1.048"/>
  <testcase classname="org.Tests.CheckBoxPageTest" name="ValidateDesktopIsClicked" time="0.506"/>
  <testcase classname="org.Tests.CheckBoxPageTest" name="validateDocumentsIsClicked" time="2.275"/>
</testsuite> <!-- org.Tests.CheckBoxPageTest -->
