<?xml version="1.0" encoding="UTF-8"?>
<!-- Generated by org.testng.reporters.JUnitReportReporter -->
<testsuite hostname="DESKTOP-33S5R95" failures="0" tests="4" name="org.Tests.AlertsTest" time="6.424" errors="0" timestamp="2023-12-01T17:32:46 COT" skipped="0">
  <testcase classname="org.Tests.AlertsTest" name="validateAlert" time="0.237"/>
  <testcase classname="org.Tests.AlertsTest" name="validateDismissAlert" time="0.212"/>
  <testcase classname="org.Tests.AlertsTest" name="validateAlertAppear" time="5.755"/>
  <testcase classname="org.Tests.AlertsTest" name="validateInputAlert" time="0.220"/>
</testsuite> <!-- org.Tests.AlertsTest -->
