<?xml version="1.0" encoding="UTF-8"?>
<!-- Generated by org.testng.reporters.JUnitReportReporter -->
<testsuite hostname="DESKTOP-33S5R95" failures="0" tests="20" name="org.Tests.PracticeFormPageTest" time="468.833" errors="0" timestamp="2023-12-29T18:34:03 COT" skipped="0">
  <testcase classname="org.Tests.PracticeFormPageTest" name="validatePlaceholderCityListBox" time="27.740"/>
  <testcase classname="org.Tests.PracticeFormPageTest" name="validateLabelBirthDate" time="22.693"/>
  <testcase classname="org.Tests.PracticeFormPageTest" name="validateLabelPicture" time="18.634"/>
  <testcase classname="org.Tests.PracticeFormPageTest" name="validateLabelSubjects" time="24.863"/>
  <testcase classname="org.Tests.PracticeFormPageTest" name="validateTitle" time="20.102"/>
  <testcase classname="org.Tests.PracticeFormPageTest" name="validateLabelGender" time="16.810"/>
  <testcase classname="org.Tests.PracticeFormPageTest" name="validateLabelMobile" time="16.470"/>
  <testcase classname="org.Tests.PracticeFormPageTest" name="fillTheFormCorrectly" time="40.165"/>
  <testcase classname="org.Tests.PracticeFormPageTest" name="validateMandatoryFields" time="49.888"/>
  <testcase classname="org.Tests.PracticeFormPageTest" name="validatePlaceholderLastNameField" time="18.796"/>
  <testcase classname="org.Tests.PracticeFormPageTest" name="validatePlaceholderStateListBox" time="20.611"/>
  <testcase classname="org.Tests.PracticeFormPageTest" name="validatePlaceholderFirstNameField" time="22.610"/>
  <testcase classname="org.Tests.PracticeFormPageTest" name="validatePlaceholderCurrentAddressField" time="20.907"/>
  <testcase classname="org.Tests.PracticeFormPageTest" name="validateLabelEmail" time="23.422"/>
  <testcase classname="org.Tests.PracticeFormPageTest" name="validatePlaceholderMobileField" time="19.957"/>
  <testcase classname="org.Tests.PracticeFormPageTest" name="validateLabelName" time="16.208"/>
  <testcase classname="org.Tests.PracticeFormPageTest" name="validateLabelHobbies" time="29.583"/>
  <testcase classname="org.Tests.PracticeFormPageTest" name="validatePlaceholderEmailField" time="19.005"/>
  <testcase classname="org.Tests.PracticeFormPageTest" name="validateLabelsStateAndCity" time="19.600"/>
  <testcase classname="org.Tests.PracticeFormPageTest" name="validateLabelCurrentAddress" time="20.769"/>
</testsuite> <!-- org.Tests.PracticeFormPageTest -->
