<?xml version="1.0" encoding="UTF-8"?>
<!-- Generated by org.testng.reporters.JUnitReportReporter -->
<testsuite hostname="DESKTOP-33S5R95" failures="0" tests="2" name="org.Tests.WebTablesPageTest" time="3.606" errors="0" timestamp="2023-12-01T17:32:46 COT" skipped="0">
  <testcase classname="org.Tests.WebTablesPageTest" name="validateCorrectNewRow" time="2.273"/>
  <testcase classname="org.Tests.WebTablesPageTest" name="validateAllRowsEmpty" time="1.333"/>
</testsuite> <!-- org.Tests.WebTablesPageTest -->
