<?xml version="1.0" encoding="UTF-8"?>
<!-- Generated by org.testng.reporters.JUnitReportReporter -->
<testsuite hostname="DESKTOP-33S5R95" failures="0" tests="30" name="org.Tests.PracticeFormPageTest" time="826.974" errors="0" timestamp="2024-01-05T14:27:42 COT" skipped="0">
  <testcase classname="org.Tests.PracticeFormPageTest" name="validatePlaceholderCityListBox" time="53.033"/>
  <testcase classname="org.Tests.PracticeFormPageTest" name="validateLabelEmail" time="73.652"/>
  <testcase classname="org.Tests.PracticeFormPageTest" name="validateLabelPicture" time="21.444"/>
  <testcase classname="org.Tests.PracticeFormPageTest" name="validateLabelName" time="22.324"/>
  <testcase classname="org.Tests.PracticeFormPageTest" name="validateLabelMobile" time="19.458"/>
  <testcase classname="org.Tests.PracticeFormPageTest" name="validatePlaceholderEmailField" time="18.879"/>
  <testcase classname="org.Tests.PracticeFormPageTest" name="validateBorderColorOfEmailField" time="24.486"/>
  <testcase classname="org.Tests.PracticeFormPageTest" name="validateCorrectRegisterValues" time="57.510"/>
  <testcase classname="org.Tests.PracticeFormPageTest" name="validateCorrectPageTitle" time="21.722"/>
  <testcase classname="org.Tests.PracticeFormPageTest" name="validatePlaceholderMobileField" time="18.780"/>
  <testcase classname="org.Tests.PracticeFormPageTest" name="validateTitle" time="20.496"/>
  <testcase classname="org.Tests.PracticeFormPageTest" name="validateBorderColorOfFirstNameField" time="25.196"/>
  <testcase classname="org.Tests.PracticeFormPageTest" name="validateLabelHobbies" time="20.506"/>
  <testcase classname="org.Tests.PracticeFormPageTest" name="validateLabelsStateAndCity" time="17.508"/>
  <testcase classname="org.Tests.PracticeFormPageTest" name="validateBorderColorOfCurrentAddressField" time="29.715"/>
  <testcase classname="org.Tests.PracticeFormPageTest" name="validateBorderColorOfLastNameField" time="54.924"/>
  <testcase classname="org.Tests.PracticeFormPageTest" name="validateLabelBirthDate" time="23.728"/>
  <testcase classname="org.Tests.PracticeFormPageTest" name="validateLabelGender" time="18.203"/>
  <testcase classname="org.Tests.PracticeFormPageTest" name="validatePlaceholderCurrentAddressField" time="21.386"/>
  <testcase classname="org.Tests.PracticeFormPageTest" name="validateBorderColorOfReadingCheckboxButton" time="19.719"/>
  <testcase classname="org.Tests.PracticeFormPageTest" name="validateBorderColorOfGenderRadioButtonsField" time="20.238"/>
  <testcase classname="org.Tests.PracticeFormPageTest" name="validateBorderColorOfSportsCheckboxButton" time="22.377"/>
  <testcase classname="org.Tests.PracticeFormPageTest" name="validatePlaceholderFirstNameField" time="19.410"/>
  <testcase classname="org.Tests.PracticeFormPageTest" name="validateBorderColorOfMobileField" time="32.500"/>
  <testcase classname="org.Tests.PracticeFormPageTest" name="validateLabelCurrentAddress" time="27.731"/>
  <testcase classname="org.Tests.PracticeFormPageTest" name="validatePlaceholderLastNameField" time="29.444"/>
  <testcase classname="org.Tests.PracticeFormPageTest" name="validateBorderColorOfMusicCheckboxButton" time="21.784"/>
  <testcase classname="org.Tests.PracticeFormPageTest" name="validatePlaceholderStateListBox" time="19.445"/>
  <testcase classname="org.Tests.PracticeFormPageTest" name="validateBorderColorOfBirthDateField" time="34.184"/>
  <testcase classname="org.Tests.PracticeFormPageTest" name="validateLabelSubjects" time="17.192"/>
</testsuite> <!-- org.Tests.PracticeFormPageTest -->
