<?xml version="1.0" encoding="UTF-8"?>
<!-- Generated by org.testng.reporters.JUnitReportReporter -->
<testsuite hostname="DESKTOP-33S5R95" failures="0" tests="1" name="org.Tests.BaseHomeTest" time="0.086" errors="0" timestamp="2023-12-01T17:32:46 COT" skipped="0">
  <testcase classname="org.Tests.BaseHomeTest" name="validateURL" time="0.086"/>
</testsuite> <!-- org.Tests.BaseHomeTest -->
