<?xml version="1.0" encoding="UTF-8"?>
<!-- Generated by org.testng.reporters.JUnitReportReporter -->
<testsuite hostname="DESKTOP-33S5R95" failures="0" tests="8" name="org.Tests.DraggableTest" time="7.418" errors="0" timestamp="2023-12-01T17:32:46 COT" skipped="0">
  <testcase classname="org.Tests.DraggableTest" name="isElementYOfTabAxisDroppedToCoordinates" time="0.531"/>
  <testcase classname="org.Tests.DraggableTest" name="isBottomCursorElementDroppedToCoordinates" time="3.020"/>
  <testcase classname="org.Tests.DraggableTest" name="isTextContainedInBoxDroppedToCoordinates" time="0.615"/>
  <testcase classname="org.Tests.DraggableTest" name="isCenterCursorElementDroppedToCoordinates" time="0.677"/>
  <testcase classname="org.Tests.DraggableTest" name="isElementContainedInBoxDroppedToCoordinates" time="0.734"/>
  <testcase classname="org.Tests.DraggableTest" name="isElementOfTabSimpleDroppedToCoordinates" time="0.614"/>
  <testcase classname="org.Tests.DraggableTest" name="isElementXOfTabAxisDroppedToCoordinates" time="0.586"/>
  <testcase classname="org.Tests.DraggableTest" name="isTopCursorElementDroppedToCoordinates" time="0.641"/>
</testsuite> <!-- org.Tests.DraggableTest -->
